Warning: Cannot symlink from /home/ws22-sdp-follow/ws22-person-follow/catkin_ws/devel/.private/leg_tracker/lib/leg_tracker/local_occupancy_grid_mapping to existing file /home/ws22-sdp-follow/ws22-person-follow/catkin_ws/devel/lib/leg_tracker/local_occupancy_grid_mapping
Warning: Source hash: 85dc1f4f18a94b7ec009b573e2f792e3
Warning: Dest hash: 990fb134b45306685997e7fa42550285
Warning: Cannot symlink from /home/ws22-sdp-follow/ws22-person-follow/catkin_ws/devel/.private/leg_tracker/lib/leg_tracker/extract_positive_training_clusters to existing file /home/ws22-sdp-follow/ws22-person-follow/catkin_ws/devel/lib/leg_tracker/extract_positive_training_clusters
Warning: Source hash: e76770d6f457e7e44046c64427e32706
Warning: Dest hash: 1e8c0419c66356a218e39dc6565a4da5
Warning: Cannot symlink from /home/ws22-sdp-follow/ws22-person-follow/catkin_ws/devel/.private/leg_tracker/lib/leg_tracker/train_leg_detector to existing file /home/ws22-sdp-follow/ws22-person-follow/catkin_ws/devel/lib/leg_tracker/train_leg_detector
Warning: Source hash: a75e8af5a9b711649b8ac0485e003862
Warning: Dest hash: b83ad79196bbad1c0e610f642e90dd92
Warning: Cannot symlink from /home/ws22-sdp-follow/ws22-person-follow/catkin_ws/devel/.private/leg_tracker/lib/leg_tracker/detect_leg_clusters to existing file /home/ws22-sdp-follow/ws22-person-follow/catkin_ws/devel/lib/leg_tracker/detect_leg_clusters
Warning: Source hash: 6e4733492d3bdff1802c1ab880044cd0
Warning: Dest hash: 9d1cfc2e62f178c5b3ce73bab24de687
Warning: Cannot symlink from /home/ws22-sdp-follow/ws22-person-follow/catkin_ws/devel/.private/leg_tracker/lib/pkgconfig/leg_tracker.pc to existing file /home/ws22-sdp-follow/ws22-person-follow/catkin_ws/devel/lib/pkgconfig/leg_tracker.pc
Warning: Source hash: 24e74b65fa7b5da2e17c17e26dd06f23
Warning: Dest hash: 67dbc3e9e9ca1ab8aff5f4f4180ddabe
Warning: Cannot symlink from /home/ws22-sdp-follow/ws22-person-follow/catkin_ws/devel/.private/leg_tracker/share/leg_tracker/cmake/leg_tracker-msg-paths.cmake to existing file /home/ws22-sdp-follow/ws22-person-follow/catkin_ws/devel/share/leg_tracker/cmake/leg_tracker-msg-paths.cmake
Warning: Source hash: 4a34fb3680fb5c2c0521912bb36fc886
Warning: Dest hash: 0b6c493f0a672341d3e466ac5bcfbbd7
Warning: Cannot symlink from /home/ws22-sdp-follow/ws22-person-follow/catkin_ws/devel/.private/leg_tracker/share/leg_tracker/cmake/leg_trackerConfig.cmake to existing file /home/ws22-sdp-follow/ws22-person-follow/catkin_ws/devel/share/leg_tracker/cmake/leg_trackerConfig.cmake
Warning: Source hash: 6b9e60deb2ea3ac462784a8f64b98a25
Warning: Dest hash: 5d75f3140bc0980a54bd80a4dfc43584
Warning: Cannot symlink from /home/ws22-sdp-follow/ws22-person-follow/catkin_ws/devel/.private/leg_tracker/share/leg_tracker/cmake/leg_tracker-msg-extras.cmake to existing file /home/ws22-sdp-follow/ws22-person-follow/catkin_ws/devel/share/leg_tracker/cmake/leg_tracker-msg-extras.cmake
Warning: Source hash: aa2f2ee97035379868f4e2399ee4f102
Warning: Dest hash: e2e42c3551065558f5f5c2b2c8c58435
Cleaning: (/home/ws22-sdp-follow/ss22-robile-people-detection/catkin_ws/devel/.private/leg_tracker/cmake.lock, /home/ws22-sdp-follow/ss22-robile-people-detection/catkin_ws/devel/./cmake.lock)
Cleaning: (/home/ws22-sdp-follow/ss22-robile-people-detection/catkin_ws/devel/.private/leg_tracker/lib/leg_tracker/local_occupancy_grid_mapping, /home/ws22-sdp-follow/ss22-robile-people-detection/catkin_ws/devel/lib/leg_tracker/local_occupancy_grid_mapping)
Cleaning: (/home/ws22-sdp-follow/ss22-robile-people-detection/catkin_ws/devel/.private/leg_tracker/lib/leg_tracker/extract_positive_training_clusters, /home/ws22-sdp-follow/ss22-robile-people-detection/catkin_ws/devel/lib/leg_tracker/extract_positive_training_clusters)
Cleaning: (/home/ws22-sdp-follow/ss22-robile-people-detection/catkin_ws/devel/.private/leg_tracker/lib/leg_tracker/train_leg_detector, /home/ws22-sdp-follow/ss22-robile-people-detection/catkin_ws/devel/lib/leg_tracker/train_leg_detector)
Cleaning: (/home/ws22-sdp-follow/ss22-robile-people-detection/catkin_ws/devel/.private/leg_tracker/lib/leg_tracker/detect_leg_clusters, /home/ws22-sdp-follow/ss22-robile-people-detection/catkin_ws/devel/lib/leg_tracker/detect_leg_clusters)
Cleaning: (/home/ws22-sdp-follow/ss22-robile-people-detection/catkin_ws/devel/.private/leg_tracker/lib/python3/dist-packages/leg_tracker/__init__.py, /home/ws22-sdp-follow/ss22-robile-people-detection/catkin_ws/devel/lib/python3/dist-packages/leg_tracker/__init__.py)
Cleaning: (/home/ws22-sdp-follow/ss22-robile-people-detection/catkin_ws/devel/.private/leg_tracker/lib/python3/dist-packages/leg_tracker/msg/_PersonArray.py, /home/ws22-sdp-follow/ss22-robile-people-detection/catkin_ws/devel/lib/python3/dist-packages/leg_tracker/msg/_PersonArray.py)
Cleaning: (/home/ws22-sdp-follow/ss22-robile-people-detection/catkin_ws/devel/.private/leg_tracker/lib/python3/dist-packages/leg_tracker/msg/_Leg.py, /home/ws22-sdp-follow/ss22-robile-people-detection/catkin_ws/devel/lib/python3/dist-packages/leg_tracker/msg/_Leg.py)
Cleaning: (/home/ws22-sdp-follow/ss22-robile-people-detection/catkin_ws/devel/.private/leg_tracker/lib/python3/dist-packages/leg_tracker/msg/_LegArray.py, /home/ws22-sdp-follow/ss22-robile-people-detection/catkin_ws/devel/lib/python3/dist-packages/leg_tracker/msg/_LegArray.py)
Cleaning: (/home/ws22-sdp-follow/ss22-robile-people-detection/catkin_ws/devel/.private/leg_tracker/lib/python3/dist-packages/leg_tracker/msg/__init__.py, /home/ws22-sdp-follow/ss22-robile-people-detection/catkin_ws/devel/lib/python3/dist-packages/leg_tracker/msg/__init__.py)
Cleaning: (/home/ws22-sdp-follow/ss22-robile-people-detection/catkin_ws/devel/.private/leg_tracker/lib/python3/dist-packages/leg_tracker/msg/_Person.py, /home/ws22-sdp-follow/ss22-robile-people-detection/catkin_ws/devel/lib/python3/dist-packages/leg_tracker/msg/_Person.py)
Cleaning: (/home/ws22-sdp-follow/ss22-robile-people-detection/catkin_ws/devel/.private/leg_tracker/lib/pkgconfig/leg_tracker.pc, /home/ws22-sdp-follow/ss22-robile-people-detection/catkin_ws/devel/lib/pkgconfig/leg_tracker.pc)
Cleaning: (/home/ws22-sdp-follow/ss22-robile-people-detection/catkin_ws/devel/.private/leg_tracker/include/leg_tracker/PersonArray.h, /home/ws22-sdp-follow/ss22-robile-people-detection/catkin_ws/devel/include/leg_tracker/PersonArray.h)
Cleaning: (/home/ws22-sdp-follow/ss22-robile-people-detection/catkin_ws/devel/.private/leg_tracker/include/leg_tracker/Person.h, /home/ws22-sdp-follow/ss22-robile-people-detection/catkin_ws/devel/include/leg_tracker/Person.h)
Cleaning: (/home/ws22-sdp-follow/ss22-robile-people-detection/catkin_ws/devel/.private/leg_tracker/include/leg_tracker/LegArray.h, /home/ws22-sdp-follow/ss22-robile-people-detection/catkin_ws/devel/include/leg_tracker/LegArray.h)
Cleaning: (/home/ws22-sdp-follow/ss22-robile-people-detection/catkin_ws/devel/.private/leg_tracker/include/leg_tracker/Leg.h, /home/ws22-sdp-follow/ss22-robile-people-detection/catkin_ws/devel/include/leg_tracker/Leg.h)
Cleaning: (/home/ws22-sdp-follow/ss22-robile-people-detection/catkin_ws/devel/.private/leg_tracker/share/gennodejs/ros/leg_tracker/_index.js, /home/ws22-sdp-follow/ss22-robile-people-detection/catkin_ws/devel/share/gennodejs/ros/leg_tracker/_index.js)
Cleaning: (/home/ws22-sdp-follow/ss22-robile-people-detection/catkin_ws/devel/.private/leg_tracker/share/gennodejs/ros/leg_tracker/msg/Leg.js, /home/ws22-sdp-follow/ss22-robile-people-detection/catkin_ws/devel/share/gennodejs/ros/leg_tracker/msg/Leg.js)
Cleaning: (/home/ws22-sdp-follow/ss22-robile-people-detection/catkin_ws/devel/.private/leg_tracker/share/gennodejs/ros/leg_tracker/msg/_index.js, /home/ws22-sdp-follow/ss22-robile-people-detection/catkin_ws/devel/share/gennodejs/ros/leg_tracker/msg/_index.js)
Cleaning: (/home/ws22-sdp-follow/ss22-robile-people-detection/catkin_ws/devel/.private/leg_tracker/share/gennodejs/ros/leg_tracker/msg/PersonArray.js, /home/ws22-sdp-follow/ss22-robile-people-detection/catkin_ws/devel/share/gennodejs/ros/leg_tracker/msg/PersonArray.js)
Cleaning: (/home/ws22-sdp-follow/ss22-robile-people-detection/catkin_ws/devel/.private/leg_tracker/share/gennodejs/ros/leg_tracker/msg/Person.js, /home/ws22-sdp-follow/ss22-robile-people-detection/catkin_ws/devel/share/gennodejs/ros/leg_tracker/msg/Person.js)
Cleaning: (/home/ws22-sdp-follow/ss22-robile-people-detection/catkin_ws/devel/.private/leg_tracker/share/gennodejs/ros/leg_tracker/msg/LegArray.js, /home/ws22-sdp-follow/ss22-robile-people-detection/catkin_ws/devel/share/gennodejs/ros/leg_tracker/msg/LegArray.js)
Cleaning: (/home/ws22-sdp-follow/ss22-robile-people-detection/catkin_ws/devel/.private/leg_tracker/share/roseus/ros/leg_tracker/manifest.l, /home/ws22-sdp-follow/ss22-robile-people-detection/catkin_ws/devel/share/roseus/ros/leg_tracker/manifest.l)
Cleaning: (/home/ws22-sdp-follow/ss22-robile-people-detection/catkin_ws/devel/.private/leg_tracker/share/roseus/ros/leg_tracker/msg/PersonArray.l, /home/ws22-sdp-follow/ss22-robile-people-detection/catkin_ws/devel/share/roseus/ros/leg_tracker/msg/PersonArray.l)
Cleaning: (/home/ws22-sdp-follow/ss22-robile-people-detection/catkin_ws/devel/.private/leg_tracker/share/roseus/ros/leg_tracker/msg/Person.l, /home/ws22-sdp-follow/ss22-robile-people-detection/catkin_ws/devel/share/roseus/ros/leg_tracker/msg/Person.l)
Cleaning: (/home/ws22-sdp-follow/ss22-robile-people-detection/catkin_ws/devel/.private/leg_tracker/share/roseus/ros/leg_tracker/msg/LegArray.l, /home/ws22-sdp-follow/ss22-robile-people-detection/catkin_ws/devel/share/roseus/ros/leg_tracker/msg/LegArray.l)
Cleaning: (/home/ws22-sdp-follow/ss22-robile-people-detection/catkin_ws/devel/.private/leg_tracker/share/roseus/ros/leg_tracker/msg/Leg.l, /home/ws22-sdp-follow/ss22-robile-people-detection/catkin_ws/devel/share/roseus/ros/leg_tracker/msg/Leg.l)
Cleaning: (/home/ws22-sdp-follow/ss22-robile-people-detection/catkin_ws/devel/.private/leg_tracker/share/leg_tracker/cmake/leg_tracker-msg-paths.cmake, /home/ws22-sdp-follow/ss22-robile-people-detection/catkin_ws/devel/share/leg_tracker/cmake/leg_tracker-msg-paths.cmake)
Cleaning: (/home/ws22-sdp-follow/ss22-robile-people-detection/catkin_ws/devel/.private/leg_tracker/share/leg_tracker/cmake/leg_trackerConfig-version.cmake, /home/ws22-sdp-follow/ss22-robile-people-detection/catkin_ws/devel/share/leg_tracker/cmake/leg_trackerConfig-version.cmake)
Cleaning: (/home/ws22-sdp-follow/ss22-robile-people-detection/catkin_ws/devel/.private/leg_tracker/share/leg_tracker/cmake/leg_trackerConfig.cmake, /home/ws22-sdp-follow/ss22-robile-people-detection/catkin_ws/devel/share/leg_tracker/cmake/leg_trackerConfig.cmake)
Cleaning: (/home/ws22-sdp-follow/ss22-robile-people-detection/catkin_ws/devel/.private/leg_tracker/share/leg_tracker/cmake/leg_tracker-msg-extras.cmake, /home/ws22-sdp-follow/ss22-robile-people-detection/catkin_ws/devel/share/leg_tracker/cmake/leg_tracker-msg-extras.cmake)
Cleaning: (/home/ws22-sdp-follow/ss22-robile-people-detection/catkin_ws/devel/.private/leg_tracker/share/common-lisp/ros/leg_tracker/msg/PersonArray.lisp, /home/ws22-sdp-follow/ss22-robile-people-detection/catkin_ws/devel/share/common-lisp/ros/leg_tracker/msg/PersonArray.lisp)
Cleaning: (/home/ws22-sdp-follow/ss22-robile-people-detection/catkin_ws/devel/.private/leg_tracker/share/common-lisp/ros/leg_tracker/msg/LegArray.lisp, /home/ws22-sdp-follow/ss22-robile-people-detection/catkin_ws/devel/share/common-lisp/ros/leg_tracker/msg/LegArray.lisp)
Cleaning: (/home/ws22-sdp-follow/ss22-robile-people-detection/catkin_ws/devel/.private/leg_tracker/share/common-lisp/ros/leg_tracker/msg/_package_LegArray.lisp, /home/ws22-sdp-follow/ss22-robile-people-detection/catkin_ws/devel/share/common-lisp/ros/leg_tracker/msg/_package_LegArray.lisp)
Cleaning: (/home/ws22-sdp-follow/ss22-robile-people-detection/catkin_ws/devel/.private/leg_tracker/share/common-lisp/ros/leg_tracker/msg/_package_Person.lisp, /home/ws22-sdp-follow/ss22-robile-people-detection/catkin_ws/devel/share/common-lisp/ros/leg_tracker/msg/_package_Person.lisp)
Cleaning: (/home/ws22-sdp-follow/ss22-robile-people-detection/catkin_ws/devel/.private/leg_tracker/share/common-lisp/ros/leg_tracker/msg/_package_Leg.lisp, /home/ws22-sdp-follow/ss22-robile-people-detection/catkin_ws/devel/share/common-lisp/ros/leg_tracker/msg/_package_Leg.lisp)
Cleaning: (/home/ws22-sdp-follow/ss22-robile-people-detection/catkin_ws/devel/.private/leg_tracker/share/common-lisp/ros/leg_tracker/msg/_package.lisp, /home/ws22-sdp-follow/ss22-robile-people-detection/catkin_ws/devel/share/common-lisp/ros/leg_tracker/msg/_package.lisp)
Cleaning: (/home/ws22-sdp-follow/ss22-robile-people-detection/catkin_ws/devel/.private/leg_tracker/share/common-lisp/ros/leg_tracker/msg/_package_PersonArray.lisp, /home/ws22-sdp-follow/ss22-robile-people-detection/catkin_ws/devel/share/common-lisp/ros/leg_tracker/msg/_package_PersonArray.lisp)
Cleaning: (/home/ws22-sdp-follow/ss22-robile-people-detection/catkin_ws/devel/.private/leg_tracker/share/common-lisp/ros/leg_tracker/msg/leg_tracker-msg.asd, /home/ws22-sdp-follow/ss22-robile-people-detection/catkin_ws/devel/share/common-lisp/ros/leg_tracker/msg/leg_tracker-msg.asd)
Cleaning: (/home/ws22-sdp-follow/ss22-robile-people-detection/catkin_ws/devel/.private/leg_tracker/share/common-lisp/ros/leg_tracker/msg/Person.lisp, /home/ws22-sdp-follow/ss22-robile-people-detection/catkin_ws/devel/share/common-lisp/ros/leg_tracker/msg/Person.lisp)
Cleaning: (/home/ws22-sdp-follow/ss22-robile-people-detection/catkin_ws/devel/.private/leg_tracker/share/common-lisp/ros/leg_tracker/msg/Leg.lisp, /home/ws22-sdp-follow/ss22-robile-people-detection/catkin_ws/devel/share/common-lisp/ros/leg_tracker/msg/Leg.lisp)
Unlinking: /home/ws22-sdp-follow/ss22-robile-people-detection/catkin_ws/devel/lib/leg_tracker/local_occupancy_grid_mapping
Already unlinked: {}
Unlinking: /home/ws22-sdp-follow/ss22-robile-people-detection/catkin_ws/devel/lib/leg_tracker/extract_positive_training_clusters
Already unlinked: {}
Unlinking: /home/ws22-sdp-follow/ss22-robile-people-detection/catkin_ws/devel/lib/leg_tracker/train_leg_detector
Already unlinked: {}
Unlinking: /home/ws22-sdp-follow/ss22-robile-people-detection/catkin_ws/devel/lib/leg_tracker/detect_leg_clusters
Already unlinked: {}
Unlinking: /home/ws22-sdp-follow/ss22-robile-people-detection/catkin_ws/devel/lib/python3/dist-packages/leg_tracker/__init__.py
Already unlinked: {}
Unlinking: /home/ws22-sdp-follow/ss22-robile-people-detection/catkin_ws/devel/lib/python3/dist-packages/leg_tracker/msg/_PersonArray.py
Already unlinked: {}
Unlinking: /home/ws22-sdp-follow/ss22-robile-people-detection/catkin_ws/devel/lib/python3/dist-packages/leg_tracker/msg/_Leg.py
Already unlinked: {}
Unlinking: /home/ws22-sdp-follow/ss22-robile-people-detection/catkin_ws/devel/lib/python3/dist-packages/leg_tracker/msg/_LegArray.py
Already unlinked: {}
Unlinking: /home/ws22-sdp-follow/ss22-robile-people-detection/catkin_ws/devel/lib/python3/dist-packages/leg_tracker/msg/__init__.py
Already unlinked: {}
Unlinking: /home/ws22-sdp-follow/ss22-robile-people-detection/catkin_ws/devel/lib/python3/dist-packages/leg_tracker/msg/_Person.py
Already unlinked: {}
Unlinking: /home/ws22-sdp-follow/ss22-robile-people-detection/catkin_ws/devel/lib/pkgconfig/leg_tracker.pc
Already unlinked: {}
Unlinking: /home/ws22-sdp-follow/ss22-robile-people-detection/catkin_ws/devel/include/leg_tracker/PersonArray.h
Already unlinked: {}
Unlinking: /home/ws22-sdp-follow/ss22-robile-people-detection/catkin_ws/devel/include/leg_tracker/Person.h
Already unlinked: {}
Unlinking: /home/ws22-sdp-follow/ss22-robile-people-detection/catkin_ws/devel/include/leg_tracker/LegArray.h
Already unlinked: {}
Unlinking: /home/ws22-sdp-follow/ss22-robile-people-detection/catkin_ws/devel/include/leg_tracker/Leg.h
Already unlinked: {}
Unlinking: /home/ws22-sdp-follow/ss22-robile-people-detection/catkin_ws/devel/share/gennodejs/ros/leg_tracker/_index.js
Already unlinked: {}
Unlinking: /home/ws22-sdp-follow/ss22-robile-people-detection/catkin_ws/devel/share/gennodejs/ros/leg_tracker/msg/Leg.js
Already unlinked: {}
Unlinking: /home/ws22-sdp-follow/ss22-robile-people-detection/catkin_ws/devel/share/gennodejs/ros/leg_tracker/msg/_index.js
Already unlinked: {}
Unlinking: /home/ws22-sdp-follow/ss22-robile-people-detection/catkin_ws/devel/share/gennodejs/ros/leg_tracker/msg/PersonArray.js
Already unlinked: {}
Unlinking: /home/ws22-sdp-follow/ss22-robile-people-detection/catkin_ws/devel/share/gennodejs/ros/leg_tracker/msg/Person.js
Already unlinked: {}
Unlinking: /home/ws22-sdp-follow/ss22-robile-people-detection/catkin_ws/devel/share/gennodejs/ros/leg_tracker/msg/LegArray.js
Already unlinked: {}
Unlinking: /home/ws22-sdp-follow/ss22-robile-people-detection/catkin_ws/devel/share/roseus/ros/leg_tracker/manifest.l
Already unlinked: {}
Unlinking: /home/ws22-sdp-follow/ss22-robile-people-detection/catkin_ws/devel/share/roseus/ros/leg_tracker/msg/PersonArray.l
Already unlinked: {}
Unlinking: /home/ws22-sdp-follow/ss22-robile-people-detection/catkin_ws/devel/share/roseus/ros/leg_tracker/msg/Person.l
Already unlinked: {}
Unlinking: /home/ws22-sdp-follow/ss22-robile-people-detection/catkin_ws/devel/share/roseus/ros/leg_tracker/msg/LegArray.l
Already unlinked: {}
Unlinking: /home/ws22-sdp-follow/ss22-robile-people-detection/catkin_ws/devel/share/roseus/ros/leg_tracker/msg/Leg.l
Already unlinked: {}
Unlinking: /home/ws22-sdp-follow/ss22-robile-people-detection/catkin_ws/devel/share/leg_tracker/cmake/leg_tracker-msg-paths.cmake
Already unlinked: {}
Unlinking: /home/ws22-sdp-follow/ss22-robile-people-detection/catkin_ws/devel/share/leg_tracker/cmake/leg_trackerConfig-version.cmake
Already unlinked: {}
Unlinking: /home/ws22-sdp-follow/ss22-robile-people-detection/catkin_ws/devel/share/leg_tracker/cmake/leg_trackerConfig.cmake
Already unlinked: {}
Unlinking: /home/ws22-sdp-follow/ss22-robile-people-detection/catkin_ws/devel/share/leg_tracker/cmake/leg_tracker-msg-extras.cmake
Already unlinked: {}
Unlinking: /home/ws22-sdp-follow/ss22-robile-people-detection/catkin_ws/devel/share/common-lisp/ros/leg_tracker/msg/PersonArray.lisp
Already unlinked: {}
Unlinking: /home/ws22-sdp-follow/ss22-robile-people-detection/catkin_ws/devel/share/common-lisp/ros/leg_tracker/msg/LegArray.lisp
Already unlinked: {}
Unlinking: /home/ws22-sdp-follow/ss22-robile-people-detection/catkin_ws/devel/share/common-lisp/ros/leg_tracker/msg/_package_LegArray.lisp
Already unlinked: {}
Unlinking: /home/ws22-sdp-follow/ss22-robile-people-detection/catkin_ws/devel/share/common-lisp/ros/leg_tracker/msg/_package_Person.lisp
Already unlinked: {}
Unlinking: /home/ws22-sdp-follow/ss22-robile-people-detection/catkin_ws/devel/share/common-lisp/ros/leg_tracker/msg/_package_Leg.lisp
Already unlinked: {}
Unlinking: /home/ws22-sdp-follow/ss22-robile-people-detection/catkin_ws/devel/share/common-lisp/ros/leg_tracker/msg/_package.lisp
Already unlinked: {}
Unlinking: /home/ws22-sdp-follow/ss22-robile-people-detection/catkin_ws/devel/share/common-lisp/ros/leg_tracker/msg/_package_PersonArray.lisp
Already unlinked: {}
Unlinking: /home/ws22-sdp-follow/ss22-robile-people-detection/catkin_ws/devel/share/common-lisp/ros/leg_tracker/msg/leg_tracker-msg.asd
Already unlinked: {}
Unlinking: /home/ws22-sdp-follow/ss22-robile-people-detection/catkin_ws/devel/share/common-lisp/ros/leg_tracker/msg/Person.lisp
Already unlinked: {}
Unlinking: /home/ws22-sdp-follow/ss22-robile-people-detection/catkin_ws/devel/share/common-lisp/ros/leg_tracker/msg/Leg.lisp
Already unlinked: {}
