Warning: Cannot symlink from /home/ws22-sdp-follow/ws22-person-follow/catkin_ws/devel/.private/leg_tracker/lib/leg_tracker/local_occupancy_grid_mapping to existing file /home/ws22-sdp-follow/ws22-person-follow/catkin_ws/devel/lib/leg_tracker/local_occupancy_grid_mapping
Warning: Source hash: 85dc1f4f18a94b7ec009b573e2f792e3
Warning: Dest hash: 990fb134b45306685997e7fa42550285
Warning: Cannot symlink from /home/ws22-sdp-follow/ws22-person-follow/catkin_ws/devel/.private/leg_tracker/lib/leg_tracker/extract_positive_training_clusters to existing file /home/ws22-sdp-follow/ws22-person-follow/catkin_ws/devel/lib/leg_tracker/extract_positive_training_clusters
Warning: Source hash: e76770d6f457e7e44046c64427e32706
Warning: Dest hash: 1e8c0419c66356a218e39dc6565a4da5
Warning: Cannot symlink from /home/ws22-sdp-follow/ws22-person-follow/catkin_ws/devel/.private/leg_tracker/lib/leg_tracker/train_leg_detector to existing file /home/ws22-sdp-follow/ws22-person-follow/catkin_ws/devel/lib/leg_tracker/train_leg_detector
Warning: Source hash: a75e8af5a9b711649b8ac0485e003862
Warning: Dest hash: b83ad79196bbad1c0e610f642e90dd92
Warning: Cannot symlink from /home/ws22-sdp-follow/ws22-person-follow/catkin_ws/devel/.private/leg_tracker/lib/leg_tracker/detect_leg_clusters to existing file /home/ws22-sdp-follow/ws22-person-follow/catkin_ws/devel/lib/leg_tracker/detect_leg_clusters
Warning: Source hash: 6e4733492d3bdff1802c1ab880044cd0
Warning: Dest hash: 9d1cfc2e62f178c5b3ce73bab24de687
Warning: Cannot symlink from /home/ws22-sdp-follow/ws22-person-follow/catkin_ws/devel/.private/leg_tracker/lib/pkgconfig/leg_tracker.pc to existing file /home/ws22-sdp-follow/ws22-person-follow/catkin_ws/devel/lib/pkgconfig/leg_tracker.pc
Warning: Source hash: 24e74b65fa7b5da2e17c17e26dd06f23
Warning: Dest hash: 67dbc3e9e9ca1ab8aff5f4f4180ddabe
Warning: Cannot symlink from /home/ws22-sdp-follow/ws22-person-follow/catkin_ws/devel/.private/leg_tracker/share/leg_tracker/cmake/leg_tracker-msg-paths.cmake to existing file /home/ws22-sdp-follow/ws22-person-follow/catkin_ws/devel/share/leg_tracker/cmake/leg_tracker-msg-paths.cmake
Warning: Source hash: 4a34fb3680fb5c2c0521912bb36fc886
Warning: Dest hash: 0b6c493f0a672341d3e466ac5bcfbbd7
Warning: Cannot symlink from /home/ws22-sdp-follow/ws22-person-follow/catkin_ws/devel/.private/leg_tracker/share/leg_tracker/cmake/leg_trackerConfig.cmake to existing file /home/ws22-sdp-follow/ws22-person-follow/catkin_ws/devel/share/leg_tracker/cmake/leg_trackerConfig.cmake
Warning: Source hash: 6b9e60deb2ea3ac462784a8f64b98a25
Warning: Dest hash: 5d75f3140bc0980a54bd80a4dfc43584
Warning: Cannot symlink from /home/ws22-sdp-follow/ws22-person-follow/catkin_ws/devel/.private/leg_tracker/share/leg_tracker/cmake/leg_tracker-msg-extras.cmake to existing file /home/ws22-sdp-follow/ws22-person-follow/catkin_ws/devel/share/leg_tracker/cmake/leg_tracker-msg-extras.cmake
Warning: Source hash: aa2f2ee97035379868f4e2399ee4f102
Warning: Dest hash: e2e42c3551065558f5f5c2b2c8c58435
